INFO - 2024-04-26 03:14:42 --> Session: Class initialized using 'CodeIgniter\Session\Handlers\FileHandler' driver.
INFO - 2024-04-26 03:14:45 --> Session: Class initialized using 'CodeIgniter\Session\Handlers\FileHandler' driver.
INFO - 2024-04-26 03:15:03 --> Session: Class initialized using 'CodeIgniter\Session\Handlers\FileHandler' driver.
INFO - 2024-04-26 03:15:06 --> Session: Class initialized using 'CodeIgniter\Session\Handlers\FileHandler' driver.
INFO - 2024-04-26 03:28:35 --> Session: Class initialized using 'CodeIgniter\Session\Handlers\FileHandler' driver.
ERROR - 2024-04-26 03:28:55 --> Error connecting to the database: mysqli_sql_exception: No connection could be made because the target machine actively refused it in C:\Users\admin\Downloads\codeigniter4-framework-v4.4.6-0-g7d393f8\codeigniter4-testing\system\Database\MySQLi\Connection.php:185
Stack trace:
#0 C:\Users\admin\Downloads\codeigniter4-framework-v4.4.6-0-g7d393f8\codeigniter4-testing\system\Database\MySQLi\Connection.php(185): mysqli->real_connect('localhost', 'root', '', 'db_for_testing', 5306, '', 0)
#1 C:\Users\admin\Downloads\codeigniter4-framework-v4.4.6-0-g7d393f8\codeigniter4-testing\system\Database\BaseConnection.php(392): CodeIgniter\Database\MySQLi\Connection->connect(false)
#2 C:\Users\admin\Downloads\codeigniter4-framework-v4.4.6-0-g7d393f8\codeigniter4-testing\system\Database\BaseConnection.php(575): CodeIgniter\Database\BaseConnection->initialize()
#3 C:\Users\admin\Downloads\codeigniter4-framework-v4.4.6-0-g7d393f8\codeigniter4-testing\system\Database\BaseBuilder.php(1616): CodeIgniter\Database\BaseConnection->query('SELECT 1\nFROM `...', Array, false)
#4 C:\Users\admin\Downloads\codeigniter4-framework-v4.4.6-0-g7d393f8\codeigniter4-testing\system\Validation\StrictRules\Rules.php(227): CodeIgniter\Database\BaseBuilder->get()
#5 C:\Users\admin\Downloads\codeigniter4-framework-v4.4.6-0-g7d393f8\codeigniter4-testing\system\Validation\Validation.php(328): CodeIgniter\Validation\StrictRules\Rules->is_unique('pntuananh', 'username', Array, NULL, 'username')
#6 C:\Users\admin\Downloads\codeigniter4-framework-v4.4.6-0-g7d393f8\codeigniter4-testing\system\Validation\Validation.php(200): CodeIgniter\Validation\Validation->processRules('username', 'username', 'pntuananh', Array, Array)
#7 C:\Users\admin\Downloads\codeigniter4-framework-v4.4.6-0-g7d393f8\codeigniter4-testing\system\Controller.php(152): CodeIgniter\Validation\Validation->run()
#8 C:\Users\admin\Downloads\codeigniter4-framework-v4.4.6-0-g7d393f8\codeigniter4-testing\app\Controllers\UserController.php(59): CodeIgniter\Controller->validate(Array, Array)
#9 C:\Users\admin\Downloads\codeigniter4-framework-v4.4.6-0-g7d393f8\codeigniter4-testing\system\CodeIgniter.php(941): App\Controllers\Usercontroller->check_reg()
#10 C:\Users\admin\Downloads\codeigniter4-framework-v4.4.6-0-g7d393f8\codeigniter4-testing\system\CodeIgniter.php(502): CodeIgniter\CodeIgniter->runController(Object(App\Controllers\Usercontroller))
#11 C:\Users\admin\Downloads\codeigniter4-framework-v4.4.6-0-g7d393f8\codeigniter4-testing\system\CodeIgniter.php(361): CodeIgniter\CodeIgniter->handleRequest(NULL, Object(Config\Cache), false)
#12 C:\Users\admin\Downloads\codeigniter4-framework-v4.4.6-0-g7d393f8\codeigniter4-testing\public\index.php(79): CodeIgniter\CodeIgniter->run()
#13 C:\Users\admin\Downloads\codeigniter4-framework-v4.4.6-0-g7d393f8\codeigniter4-testing\system\Commands\Server\rewrite.php(47): require_once('C:\\Users\\admin\\...')
#14 {main}

Next CodeIgniter\Database\Exceptions\DatabaseException: No connection could be made because the target machine actively refused it in C:\Users\admin\Downloads\codeigniter4-framework-v4.4.6-0-g7d393f8\codeigniter4-testing\system\Database\MySQLi\Connection.php:229
Stack trace:
#0 C:\Users\admin\Downloads\codeigniter4-framework-v4.4.6-0-g7d393f8\codeigniter4-testing\system\Database\BaseConnection.php(392): CodeIgniter\Database\MySQLi\Connection->connect(false)
#1 C:\Users\admin\Downloads\codeigniter4-framework-v4.4.6-0-g7d393f8\codeigniter4-testing\system\Database\BaseConnection.php(575): CodeIgniter\Database\BaseConnection->initialize()
#2 C:\Users\admin\Downloads\codeigniter4-framework-v4.4.6-0-g7d393f8\codeigniter4-testing\system\Database\BaseBuilder.php(1616): CodeIgniter\Database\BaseConnection->query('SELECT 1\nFROM `...', Array, false)
#3 C:\Users\admin\Downloads\codeigniter4-framework-v4.4.6-0-g7d393f8\codeigniter4-testing\system\Validation\StrictRules\Rules.php(227): CodeIgniter\Database\BaseBuilder->get()
#4 C:\Users\admin\Downloads\codeigniter4-framework-v4.4.6-0-g7d393f8\codeigniter4-testing\system\Validation\Validation.php(328): CodeIgniter\Validation\StrictRules\Rules->is_unique('pntuananh', 'username', Array, NULL, 'username')
#5 C:\Users\admin\Downloads\codeigniter4-framework-v4.4.6-0-g7d393f8\codeigniter4-testing\system\Validation\Validation.php(200): CodeIgniter\Validation\Validation->processRules('username', 'username', 'pntuananh', Array, Array)
#6 C:\Users\admin\Downloads\codeigniter4-framework-v4.4.6-0-g7d393f8\codeigniter4-testing\system\Controller.php(152): CodeIgniter\Validation\Validation->run()
#7 C:\Users\admin\Downloads\codeigniter4-framework-v4.4.6-0-g7d393f8\codeigniter4-testing\app\Controllers\UserController.php(59): CodeIgniter\Controller->validate(Array, Array)
#8 C:\Users\admin\Downloads\codeigniter4-framework-v4.4.6-0-g7d393f8\codeigniter4-testing\system\CodeIgniter.php(941): App\Controllers\Usercontroller->check_reg()
#9 C:\Users\admin\Downloads\codeigniter4-framework-v4.4.6-0-g7d393f8\codeigniter4-testing\system\CodeIgniter.php(502): CodeIgniter\CodeIgniter->runController(Object(App\Controllers\Usercontroller))
#10 C:\Users\admin\Downloads\codeigniter4-framework-v4.4.6-0-g7d393f8\codeigniter4-testing\system\CodeIgniter.php(361): CodeIgniter\CodeIgniter->handleRequest(NULL, Object(Config\Cache), false)
#11 C:\Users\admin\Downloads\codeigniter4-framework-v4.4.6-0-g7d393f8\codeigniter4-testing\public\index.php(79): CodeIgniter\CodeIgniter->run()
#12 C:\Users\admin\Downloads\codeigniter4-framework-v4.4.6-0-g7d393f8\codeigniter4-testing\system\Commands\Server\rewrite.php(47): require_once('C:\\Users\\admin\\...')
#13 {main}
CRITICAL - 2024-04-26 03:28:55 --> CodeIgniter\Database\Exceptions\DatabaseException: Unable to connect to the database.
Main connection [MySQLi]: No connection could be made because the target machine actively refused it
in SYSTEMPATH\Database\BaseConnection.php on line 428.
 1 SYSTEMPATH\Database\BaseConnection.php(575): CodeIgniter\Database\BaseConnection->initialize()
 2 SYSTEMPATH\Database\BaseBuilder.php(1616): CodeIgniter\Database\BaseConnection->query('SELECT 1
FROM `users`
WHERE `username` = :username:
 LIMIT 1', [...], false)
 3 SYSTEMPATH\Validation\StrictRules\Rules.php(227): CodeIgniter\Database\BaseBuilder->get()
 4 SYSTEMPATH\Validation\Validation.php(328): CodeIgniter\Validation\StrictRules\Rules->is_unique('pntuananh', 'username', [...], null, 'username')
 5 SYSTEMPATH\Validation\Validation.php(200): CodeIgniter\Validation\Validation->processRules('username', 'username', 'pntuananh', [...], [...])
 6 SYSTEMPATH\Controller.php(152): CodeIgniter\Validation\Validation->run()
 7 APPPATH\Controllers\UserController.php(59): CodeIgniter\Controller->validate([...], [...])
 8 SYSTEMPATH\CodeIgniter.php(941): App\Controllers\Usercontroller->check_reg()
 9 SYSTEMPATH\CodeIgniter.php(502): CodeIgniter\CodeIgniter->runController(Object(App\Controllers\Usercontroller))
10 SYSTEMPATH\CodeIgniter.php(361): CodeIgniter\CodeIgniter->handleRequest(null, Object(Config\Cache), false)
11 FCPATH\index.php(79): CodeIgniter\CodeIgniter->run()
12 SYSTEMPATH\Commands\Server\rewrite.php(47): require_once('C:\\Users\\admin\\Downloads\\codeigniter4-framework-v4.4.6-0-g7d393f8\\codeigniter4-testing\\public\\index.php')
INFO - 2024-04-26 03:29:11 --> Session: Class initialized using 'CodeIgniter\Session\Handlers\FileHandler' driver.
