CRITICAL - 2024-04-24 09:42:44 --> CodeIgniter\View\Exceptions\ViewException: Invalid file: "../layout/_main_layout.php"
in SYSTEMPATH\Exceptions\FrameworkException.php on line 39.
 1 SYSTEMPATH\View\View.php(216): CodeIgniter\Exceptions\FrameworkException::forInvalidFile('../layout/_main_layout.php')
 2 SYSTEMPATH\View\View.php(469): CodeIgniter\View\View->render('../layout/_main_layout.php', null, true)
 3 APPPATH\Views\Admin\index.php(1): CodeIgniter\View\View->include('../layout/_main_layout.php')
 4 SYSTEMPATH\View\View.php(228): include('C:\\Users\\admin\\Downloads\\codeigniter4-framework-v4.4.6-0-g7d393f8\\codeigniter4-testing\\app\\Views\\Admin\\index.php')
 5 SYSTEMPATH\View\View.php(231): CodeIgniter\View\View->CodeIgniter\View\{closure}()
 6 SYSTEMPATH\Common.php(1178): CodeIgniter\View\View->render('admin/index', [], true)
 7 APPPATH\Controllers\Home.php(9): view('admin/index')
 8 SYSTEMPATH\CodeIgniter.php(941): App\Controllers\Home->index()
 9 SYSTEMPATH\CodeIgniter.php(502): CodeIgniter\CodeIgniter->runController(Object(App\Controllers\Home))
10 SYSTEMPATH\CodeIgniter.php(361): CodeIgniter\CodeIgniter->handleRequest(null, Object(Config\Cache), false)
11 FCPATH\index.php(79): CodeIgniter\CodeIgniter->run()
12 SYSTEMPATH\Commands\Server\rewrite.php(47): require_once('C:\\Users\\admin\\Downloads\\codeigniter4-framework-v4.4.6-0-g7d393f8\\codeigniter4-testing\\public\\index.php')
CRITICAL - 2024-04-24 09:45:04 --> CodeIgniter\View\Exceptions\ViewException: Invalid file: "../layout/_main_layout.php"
in SYSTEMPATH\Exceptions\FrameworkException.php on line 39.
 1 SYSTEMPATH\View\View.php(216): CodeIgniter\Exceptions\FrameworkException::forInvalidFile('../layout/_main_layout.php')
 2 SYSTEMPATH\View\View.php(469): CodeIgniter\View\View->render('../layout/_main_layout.php', null, true)
 3 APPPATH\Views\Admin\index.php(1): CodeIgniter\View\View->include('../layout/_main_layout.php')
 4 SYSTEMPATH\View\View.php(228): include('C:\\Users\\admin\\Downloads\\codeigniter4-framework-v4.4.6-0-g7d393f8\\codeigniter4-testing\\app\\Views\\Admin\\index.php')
 5 SYSTEMPATH\View\View.php(231): CodeIgniter\View\View->CodeIgniter\View\{closure}()
 6 SYSTEMPATH\Common.php(1178): CodeIgniter\View\View->render('admin/index', [], true)
 7 APPPATH\Controllers\Home.php(9): view('admin/index')
 8 SYSTEMPATH\CodeIgniter.php(941): App\Controllers\Home->index()
 9 SYSTEMPATH\CodeIgniter.php(502): CodeIgniter\CodeIgniter->runController(Object(App\Controllers\Home))
10 SYSTEMPATH\CodeIgniter.php(361): CodeIgniter\CodeIgniter->handleRequest(null, Object(Config\Cache), false)
11 FCPATH\index.php(79): CodeIgniter\CodeIgniter->run()
12 SYSTEMPATH\Commands\Server\rewrite.php(47): require_once('C:\\Users\\admin\\Downloads\\codeigniter4-framework-v4.4.6-0-g7d393f8\\codeigniter4-testing\\public\\index.php')
CRITICAL - 2024-04-24 09:46:47 --> CodeIgniter\View\Exceptions\ViewException: Invalid file: "../layout/header.php"
in SYSTEMPATH\Exceptions\FrameworkException.php on line 39.
 1 SYSTEMPATH\View\View.php(216): CodeIgniter\Exceptions\FrameworkException::forInvalidFile('../layout/header.php')
 2 SYSTEMPATH\View\View.php(469): CodeIgniter\View\View->render('../layout/header.php', null, true)
 3 APPPATH\Views\Admin\index.php(1): CodeIgniter\View\View->include('../layout/header.php')
 4 SYSTEMPATH\View\View.php(228): include('C:\\Users\\admin\\Downloads\\codeigniter4-framework-v4.4.6-0-g7d393f8\\codeigniter4-testing\\app\\Views\\Admin\\index.php')
 5 SYSTEMPATH\View\View.php(231): CodeIgniter\View\View->CodeIgniter\View\{closure}()
 6 SYSTEMPATH\Common.php(1178): CodeIgniter\View\View->render('admin/index', [], true)
 7 APPPATH\Controllers\Home.php(9): view('admin/index')
 8 SYSTEMPATH\CodeIgniter.php(941): App\Controllers\Home->index()
 9 SYSTEMPATH\CodeIgniter.php(502): CodeIgniter\CodeIgniter->runController(Object(App\Controllers\Home))
10 SYSTEMPATH\CodeIgniter.php(361): CodeIgniter\CodeIgniter->handleRequest(null, Object(Config\Cache), false)
11 FCPATH\index.php(79): CodeIgniter\CodeIgniter->run()
12 SYSTEMPATH\Commands\Server\rewrite.php(47): require_once('C:\\Users\\admin\\Downloads\\codeigniter4-framework-v4.4.6-0-g7d393f8\\codeigniter4-testing\\public\\index.php')
CRITICAL - 2024-04-24 09:49:44 --> ErrorException: include(../layout/header.php): Failed to open stream: No such file or directory
in APPPATH\Views\Admin\index.php on line 2.
 1 APPPATH\Views\Admin\index.php(2): CodeIgniter\Debug\Exceptions->errorHandler(2, 'include(../layout/header.php): Failed to open stream: No such file or directory', 'C:\\Users\\admin\\Downloads\\codeigniter4-framework-v4.4.6-0-g7d393f8\\codeigniter4-testing\\app\\Views\\Admin\\index.php', 2)
 2 APPPATH\Views\Admin\index.php(2): include()
 3 SYSTEMPATH\View\View.php(228): include('C:\\Users\\admin\\Downloads\\codeigniter4-framework-v4.4.6-0-g7d393f8\\codeigniter4-testing\\app\\Views\\Admin\\index.php')
 4 SYSTEMPATH\View\View.php(231): CodeIgniter\View\View->CodeIgniter\View\{closure}()
 5 SYSTEMPATH\Common.php(1178): CodeIgniter\View\View->render('admin/index', [], true)
 6 APPPATH\Controllers\Home.php(9): view('admin/index')
 7 SYSTEMPATH\CodeIgniter.php(941): App\Controllers\Home->index()
 8 SYSTEMPATH\CodeIgniter.php(502): CodeIgniter\CodeIgniter->runController(Object(App\Controllers\Home))
 9 SYSTEMPATH\CodeIgniter.php(361): CodeIgniter\CodeIgniter->handleRequest(null, Object(Config\Cache), false)
10 FCPATH\index.php(79): CodeIgniter\CodeIgniter->run()
11 SYSTEMPATH\Commands\Server\rewrite.php(47): require_once('C:\\Users\\admin\\Downloads\\codeigniter4-framework-v4.4.6-0-g7d393f8\\codeigniter4-testing\\public\\index.php')
CRITICAL - 2024-04-24 09:49:54 --> ErrorException: include(../layout/header.php): Failed to open stream: No such file or directory
in APPPATH\Views\Admin\index.php on line 2.
 1 APPPATH\Views\Admin\index.php(2): CodeIgniter\Debug\Exceptions->errorHandler(2, 'include(../layout/header.php): Failed to open stream: No such file or directory', 'C:\\Users\\admin\\Downloads\\codeigniter4-framework-v4.4.6-0-g7d393f8\\codeigniter4-testing\\app\\Views\\Admin\\index.php', 2)
 2 APPPATH\Views\Admin\index.php(2): include()
 3 SYSTEMPATH\View\View.php(228): include('C:\\Users\\admin\\Downloads\\codeigniter4-framework-v4.4.6-0-g7d393f8\\codeigniter4-testing\\app\\Views\\Admin\\index.php')
 4 SYSTEMPATH\View\View.php(231): CodeIgniter\View\View->CodeIgniter\View\{closure}()
 5 SYSTEMPATH\Common.php(1178): CodeIgniter\View\View->render('admin/index', [], true)
 6 APPPATH\Controllers\Home.php(9): view('admin/index')
 7 SYSTEMPATH\CodeIgniter.php(941): App\Controllers\Home->index()
 8 SYSTEMPATH\CodeIgniter.php(502): CodeIgniter\CodeIgniter->runController(Object(App\Controllers\Home))
 9 SYSTEMPATH\CodeIgniter.php(361): CodeIgniter\CodeIgniter->handleRequest(null, Object(Config\Cache), false)
10 FCPATH\index.php(79): CodeIgniter\CodeIgniter->run()
11 SYSTEMPATH\Commands\Server\rewrite.php(47): require_once('C:\\Users\\admin\\Downloads\\codeigniter4-framework-v4.4.6-0-g7d393f8\\codeigniter4-testing\\public\\index.php')
