INFO - 2024-04-29 14:53:12 --> Session: Class initialized using 'CodeIgniter\Session\Handlers\FileHandler' driver.
CRITICAL - 2024-04-29 14:53:12 --> ErrorException: Undefined variable $books
in APPPATH\Views\Admin\index.php on line 34.
 1 APPPATH\Views\Admin\index.php(34): CodeIgniter\Debug\Exceptions->errorHandler(2, 'Undefined variable $books', 'C:\\Users\\admin\\Downloads\\codeigniter4-framework-v4.4.6-0-g7d393f8\\codeigniter4-testing\\app\\Views\\Admin\\index.php', 34)
 2 SYSTEMPATH\View\View.php(228): include('C:\\Users\\admin\\Downloads\\codeigniter4-framework-v4.4.6-0-g7d393f8\\codeigniter4-testing\\app\\Views\\Admin\\index.php')
 3 SYSTEMPATH\View\View.php(231): CodeIgniter\View\View->CodeIgniter\View\{closure}()
 4 SYSTEMPATH\Common.php(1178): CodeIgniter\View\View->render('admin/index', [], true)
 5 APPPATH\Controllers\BookController.php(17): view('admin/index')
 6 SYSTEMPATH\CodeIgniter.php(941): App\Controllers\BookController->index()
 7 SYSTEMPATH\CodeIgniter.php(502): CodeIgniter\CodeIgniter->runController(Object(App\Controllers\BookController))
 8 SYSTEMPATH\CodeIgniter.php(361): CodeIgniter\CodeIgniter->handleRequest(null, Object(Config\Cache), false)
 9 FCPATH\index.php(79): CodeIgniter\CodeIgniter->run()
10 SYSTEMPATH\Commands\Server\rewrite.php(47): require_once('C:\\Users\\admin\\Downloads\\codeigniter4-framework-v4.4.6-0-g7d393f8\\codeigniter4-testing\\public\\index.php')
INFO - 2024-04-29 14:53:13 --> Session: Class initialized using 'CodeIgniter\Session\Handlers\FileHandler' driver.
CRITICAL - 2024-04-29 14:53:13 --> ErrorException: Undefined variable $books
in APPPATH\Views\Admin\index.php on line 34.
 1 APPPATH\Views\Admin\index.php(34): CodeIgniter\Debug\Exceptions->errorHandler(2, 'Undefined variable $books', 'C:\\Users\\admin\\Downloads\\codeigniter4-framework-v4.4.6-0-g7d393f8\\codeigniter4-testing\\app\\Views\\Admin\\index.php', 34)
 2 SYSTEMPATH\View\View.php(228): include('C:\\Users\\admin\\Downloads\\codeigniter4-framework-v4.4.6-0-g7d393f8\\codeigniter4-testing\\app\\Views\\Admin\\index.php')
 3 SYSTEMPATH\View\View.php(231): CodeIgniter\View\View->CodeIgniter\View\{closure}()
 4 SYSTEMPATH\Common.php(1178): CodeIgniter\View\View->render('admin/index', [], true)
 5 APPPATH\Controllers\BookController.php(17): view('admin/index')
 6 SYSTEMPATH\CodeIgniter.php(941): App\Controllers\BookController->index()
 7 SYSTEMPATH\CodeIgniter.php(502): CodeIgniter\CodeIgniter->runController(Object(App\Controllers\BookController))
 8 SYSTEMPATH\CodeIgniter.php(361): CodeIgniter\CodeIgniter->handleRequest(null, Object(Config\Cache), false)
 9 FCPATH\index.php(79): CodeIgniter\CodeIgniter->run()
10 SYSTEMPATH\Commands\Server\rewrite.php(47): require_once('C:\\Users\\admin\\Downloads\\codeigniter4-framework-v4.4.6-0-g7d393f8\\codeigniter4-testing\\public\\index.php')
INFO - 2024-04-29 14:53:38 --> Session: Class initialized using 'CodeIgniter\Session\Handlers\FileHandler' driver.
INFO - 2024-04-29 14:53:51 --> Session: Class initialized using 'CodeIgniter\Session\Handlers\FileHandler' driver.
INFO - 2024-04-29 14:53:51 --> Session: Class initialized using 'CodeIgniter\Session\Handlers\FileHandler' driver.
CRITICAL - 2024-04-29 14:53:51 --> ErrorException: Undefined variable $books
in APPPATH\Views\Admin\index.php on line 34.
 1 APPPATH\Views\Admin\index.php(34): CodeIgniter\Debug\Exceptions->errorHandler(2, 'Undefined variable $books', 'C:\\Users\\admin\\Downloads\\codeigniter4-framework-v4.4.6-0-g7d393f8\\codeigniter4-testing\\app\\Views\\Admin\\index.php', 34)
 2 SYSTEMPATH\View\View.php(228): include('C:\\Users\\admin\\Downloads\\codeigniter4-framework-v4.4.6-0-g7d393f8\\codeigniter4-testing\\app\\Views\\Admin\\index.php')
 3 SYSTEMPATH\View\View.php(231): CodeIgniter\View\View->CodeIgniter\View\{closure}()
 4 SYSTEMPATH\Common.php(1178): CodeIgniter\View\View->render('admin/index', [], true)
 5 APPPATH\Controllers\BookController.php(17): view('admin/index')
 6 SYSTEMPATH\CodeIgniter.php(941): App\Controllers\BookController->index()
 7 SYSTEMPATH\CodeIgniter.php(502): CodeIgniter\CodeIgniter->runController(Object(App\Controllers\BookController))
 8 SYSTEMPATH\CodeIgniter.php(361): CodeIgniter\CodeIgniter->handleRequest(null, Object(Config\Cache), false)
 9 FCPATH\index.php(79): CodeIgniter\CodeIgniter->run()
10 SYSTEMPATH\Commands\Server\rewrite.php(47): require_once('C:\\Users\\admin\\Downloads\\codeigniter4-framework-v4.4.6-0-g7d393f8\\codeigniter4-testing\\public\\index.php')
CRITICAL - 2024-04-29 14:54:37 --> BadMethodCallException: Call to undefined method App\Models\Book::get_all
in SYSTEMPATH\Model.php on line 874.
 1 APPPATH\Controllers\BookController.php(19): CodeIgniter\Model->__call('get_all', [])
 2 SYSTEMPATH\CodeIgniter.php(941): App\Controllers\BookController->index()
 3 SYSTEMPATH\CodeIgniter.php(502): CodeIgniter\CodeIgniter->runController(Object(App\Controllers\BookController))
 4 SYSTEMPATH\CodeIgniter.php(361): CodeIgniter\CodeIgniter->handleRequest(null, Object(Config\Cache), false)
 5 FCPATH\index.php(79): CodeIgniter\CodeIgniter->run()
 6 SYSTEMPATH\Commands\Server\rewrite.php(47): require_once('C:\\Users\\admin\\Downloads\\codeigniter4-framework-v4.4.6-0-g7d393f8\\codeigniter4-testing\\public\\index.php')
INFO - 2024-04-29 14:55:05 --> Session: Class initialized using 'CodeIgniter\Session\Handlers\FileHandler' driver.
INFO - 2024-04-29 14:58:09 --> Session: Class initialized using 'CodeIgniter\Session\Handlers\FileHandler' driver.
INFO - 2024-04-29 14:58:09 --> Session: Class initialized using 'CodeIgniter\Session\Handlers\FileHandler' driver.
INFO - 2024-04-29 14:58:31 --> Session: Class initialized using 'CodeIgniter\Session\Handlers\FileHandler' driver.
INFO - 2024-04-29 15:03:04 --> Session: Class initialized using 'CodeIgniter\Session\Handlers\FileHandler' driver.
